Thu Jun  1 07:11:44 UTC 2023
TESTS_DIR/predictor-test.v:9: error: reg taken; cannot be driven by primitives or continuous assignment.
TESTS_DIR/predictor-test.v:9: error: Output port expression must support continuous assignment.
TESTS_DIR/predictor-test.v:9:      : Port 4 (prediction) of predictor is connected to taken
2 error(s) during elaboration.
An error occurred when opening .vcd file '.tmp.vcd'